#
# There is insufficient memory for the Java Runtime Environment to continue.
# Native memory allocation (mmap) failed to map 58720256 bytes for G1 virtual space
# Possible reasons:
#   The system is out of physical RAM or swap space
#   The process is running with CompressedOops enabled, and the Java Heap may be blocking the growth of the native heap
# Possible solutions:
#   Reduce memory load on the system
#   Increase physical memory or swap space
#   Check if swap backing store is full
#   Decrease Java heap size (-Xmx/-Xms)
#   Decrease number of Java threads
#   Decrease Java thread stack sizes (-Xss)
#   Set larger code cache with -XX:ReservedCodeCacheSize=
#   JVM is running with Unscaled Compressed Oops mode in which the Java heap is
#     placed in the first 4GB address space. The Java Heap base address is the
#     maximum limit for the native heap growth. Please use -XX:HeapBaseMinAddress
#     to set the Java Heap base and to place the Java Heap above 4GB virtual address.
# This output file may be truncated or incomplete.
#
#  Out of Memory Error (os_windows.cpp:3527), pid=21064, tid=24476
#
# JRE version:  (19.0.1+10) (build )
# Java VM: Java HotSpot(TM) 64-Bit Server VM (19.0.1+10-21, mixed mode, sharing, tiered, compressed oops, compressed class ptrs, g1 gc, windows-amd64)
# No core dump will be written. Minidumps are not enabled by default on client versions of Windows
#

---------------  S U M M A R Y ------------

Command Line: -Dfile.encoding=UTF-8 --module-path=C:\Users\user\Documents\NetBeansProjects\Bank Management System\build\classes bank.management.system.SignupThree

Host: AMD Ryzen 3 3300U with Radeon Vega Mobile Gfx  , 4 cores, 3G,  Windows 11 , 64 bit Build 22621 (10.0.22621.1485)
Time: Mon May  1 13:41:50 2023 India Standard Time elapsed time: 0.017635 seconds (0d 0h 0m 0s)

---------------  T H R E A D  ---------------

Current thread (0x000001d3ae838bf0):  JavaThread "Unknown thread" [_thread_in_vm, id=24476, stack(0x0000002550100000,0x0000002550200000)]

Stack: [0x0000002550100000,0x0000002550200000]
Native frames: (J=compiled Java code, j=interpreted, Vv=VM code, C=native code)
V  [jvm.dll+0x6ee8fa]
V  [jvm.dll+0x857a1e]
V  [jvm.dll+0x85940e]
V  [jvm.dll+0x859ac3]
V  [jvm.dll+0x28291f]
V  [jvm.dll+0x6eb6e9]
V  [jvm.dll+0x6e028a]
V  [jvm.dll+0x357136]
V  [jvm.dll+0x35eb96]
V  [jvm.dll+0x3b555e]
V  [jvm.dll+0x3b578f]
V  [jvm.dll+0x32c6ea]
V  [jvm.dll+0x32d59e]
V  [jvm.dll+0x821b20]
V  [jvm.dll+0x3c27c1]
V  [jvm.dll+0x8022f1]
V  [jvm.dll+0x44b30f]
V  [jvm.dll+0x44cc91]
C  [jli.dll+0x5287]
C  [ucrtbase.dll+0x29363]
C  [KERNEL32.DLL+0x1269d]
C  [ntdll.dll+0x5a9f8]


---------------  P R O C E S S  ---------------

Threads class SMR info:
_java_thread_list=0x00007fff63e1d048, length=0, elements={
}

Java Threads: ( => current thread )

Other Threads:
  0x000001d3ae8767c0 WorkerThread "GC Thread#0" [stack: 0x0000002550200000,0x0000002550300000] [id=20944]
  0x000001d3ae8807b0 ConcurrentGCThread "G1 Main Marker" [stack: 0x0000002550300000,0x0000002550400000] [id=14948]
  0x000001d3ae881f90 WorkerThread "G1 Conc#0" [stack: 0x0000002550400000,0x0000002550500000] [id=10108]

[error occurred during error reporting (printing all threads), id 0xc0000005, EXCEPTION_ACCESS_VIOLATION (0xc0000005) at pc=0x00007fff635dd127]

VM state: not at safepoint (not fully initialized)

VM Mutex/Monitor currently owned by a thread:  ([mutex/lock_event])
[0x000001d3ae836030] Heap_lock - owner thread: 0x000001d3ae838bf0

Heap address: 0x00000000c8c00000, size: 884 MB, Compressed Oops mode: 32-bit

CDS archive(s) mapped at: [0x0000000000000000-0x0000000000000000-0x0000000000000000), size 0, SharedBaseAddress: 0x0000000800000000, ArchiveRelocationMode: 0.
Narrow klass base: 0x0000000000000000, Narrow klass shift: 0, Narrow klass range: 0x0

GC Precious Log:
 CardTable entry size: 512
 Card Set container configuration: InlinePtr #cards 5 size 8 Array Of Cards #cards 12 size 40 Howl #buckets 4 coarsen threshold 1843 Howl Bitmap #cards 512 size 80 coarsen threshold 460 Card regions per heap region 1 cards per card region 2048

Heap:
 garbage-first heap   total 0K, used 0K [0x00000000c8c00000, 0x0000000100000000)
  region size 1024K, 0 young (0K), 0 survivors (0K)

[error occurred during error reporting (printing heap information), id 0xc0000005, EXCEPTION_ACCESS_VIOLATION (0xc0000005) at pc=0x00007fff639e6959]

GC Heap History (0 events):
No events

Dll operation events (1 events):
Event: 0.010 Loaded shared library C:\Program Files\Java\jdk-19\bin\java.dll

Deoptimization events (0 events):
No events

Classes loaded (0 events):
No events

Classes unloaded (0 events):
No events

Classes redefined (0 events):
No events

Internal exceptions (0 events):
No events

VM Operations (0 events):
No events

Events (0 events):
No events


Dynamic libraries:
0x00007ff67a6c0000 - 0x00007ff67a6d0000 	C:\Program Files\Java\jdk-19\bin\java.exe
0x00007fffd1270000 - 0x00007fffd1484000 	C:\WINDOWS\SYSTEM32\ntdll.dll
0x00007fffcf960000 - 0x00007fffcfa22000 	C:\WINDOWS\System32\KERNEL32.DLL
0x00007fffcece0000 - 0x00007fffcf07c000 	C:\WINDOWS\System32\KERNELBASE.dll
0x00007fffcebc0000 - 0x00007fffcecd1000 	C:\WINDOWS\System32\ucrtbase.dll
0x00007fffb0190000 - 0x00007fffb01a8000 	C:\Program Files\Java\jdk-19\bin\jli.dll
0x00007fffc9520000 - 0x00007fffc953b000 	C:\Program Files\Java\jdk-19\bin\VCRUNTIME140.dll
0x00007fffd07f0000 - 0x00007fffd089e000 	C:\WINDOWS\System32\ADVAPI32.dll
0x00007fffcfed0000 - 0x00007fffcff77000 	C:\WINDOWS\System32\msvcrt.dll
0x00007fffd00a0000 - 0x00007fffd0144000 	C:\WINDOWS\System32\sechost.dll
0x00007fffd01d0000 - 0x00007fffd02e7000 	C:\WINDOWS\System32\RPCRT4.dll
0x00007fffcfa30000 - 0x00007fffcfbdb000 	C:\WINDOWS\System32\USER32.dll
0x00007fffcead0000 - 0x00007fffceaf6000 	C:\WINDOWS\System32\win32u.dll
0x00007fffaa3c0000 - 0x00007fffaa64e000 	C:\WINDOWS\WinSxS\amd64_microsoft.windows.common-controls_6595b64144ccf1df_6.0.22621.608_none_a9444ca7c10bb01d\COMCTL32.dll
0x00007fffcfc00000 - 0x00007fffcfc29000 	C:\WINDOWS\System32\GDI32.dll
0x00007fffce6b0000 - 0x00007fffce7c3000 	C:\WINDOWS\System32\gdi32full.dll
0x00007fffcea30000 - 0x00007fffceaca000 	C:\WINDOWS\System32\msvcp_win.dll
0x00007fffc8e00000 - 0x00007fffc8e0a000 	C:\WINDOWS\SYSTEM32\VERSION.dll
0x00007fffcf2d0000 - 0x00007fffcf301000 	C:\WINDOWS\System32\IMM32.DLL
0x00007fffc9970000 - 0x00007fffc997c000 	C:\Program Files\Java\jdk-19\bin\vcruntime140_1.dll
0x00007fffaa330000 - 0x00007fffaa3be000 	C:\Program Files\Java\jdk-19\bin\msvcp140.dll
0x00007fff632a0000 - 0x00007fff63f60000 	C:\Program Files\Java\jdk-19\bin\server\jvm.dll
0x00007fffc9950000 - 0x00007fffc9959000 	C:\WINDOWS\SYSTEM32\WSOCK32.dll
0x00007fffc8fd0000 - 0x00007fffc9004000 	C:\WINDOWS\SYSTEM32\WINMM.dll
0x00007fffd02f0000 - 0x00007fffd0361000 	C:\WINDOWS\System32\WS2_32.dll
0x00007fffcd700000 - 0x00007fffcd718000 	C:\WINDOWS\SYSTEM32\kernel.appcore.dll
0x00007fffc8fc0000 - 0x00007fffc8fca000 	C:\Program Files\Java\jdk-19\bin\jimage.dll
0x00007fffc0680000 - 0x00007fffc08ae000 	C:\WINDOWS\SYSTEM32\DBGHELP.DLL
0x00007fffcf310000 - 0x00007fffcf699000 	C:\WINDOWS\System32\combase.dll
0x00007fffcfc30000 - 0x00007fffcfd07000 	C:\WINDOWS\System32\OLEAUT32.dll
0x00007fffc0640000 - 0x00007fffc0672000 	C:\WINDOWS\SYSTEM32\dbgcore.DLL
0x00007fffce7d0000 - 0x00007fffce84b000 	C:\WINDOWS\System32\bcryptPrimitives.dll
0x00007fffb1fd0000 - 0x00007fffb1ff6000 	C:\Program Files\Java\jdk-19\bin\java.dll

dbghelp: loaded successfully - version: 4.0.5 - missing functions: none
symbol engine: initialized successfully - sym options: 0x614 - pdb path: .;C:\Program Files\Java\jdk-19\bin;C:\WINDOWS\SYSTEM32;C:\WINDOWS\WinSxS\amd64_microsoft.windows.common-controls_6595b64144ccf1df_6.0.22621.608_none_a9444ca7c10bb01d;C:\Program Files\Java\jdk-19\bin\server

VM Arguments:
jvm_args: -Dfile.encoding=UTF-8 --module-path=C:\Users\user\Documents\NetBeansProjects\Bank Management System\build\classes 
java_command: bank.management.system.SignupThree
java_class_path (initial): C:\Users\user\Downloads\jcalendar-tz-1.3.3-4.jar;C:\Users\user\Downloads\mysql-connector-java-8.0.28.jar;C:\Users\user\Documents\NetBeansProjects\Bank Management System\build\classes
Launcher Type: SUN_STANDARD

[Global flags]
     intx CICompilerCount                          = 3                                         {product} {ergonomic}
     uint ConcGCThreads                            = 1                                         {product} {ergonomic}
     uint G1ConcRefinementThreads                  = 4                                         {product} {ergonomic}
   size_t G1HeapRegionSize                         = 1048576                                   {product} {ergonomic}
    uintx GCDrainStackTargetSize                   = 64                                        {product} {ergonomic}
   size_t InitialHeapSize                          = 58720256                                  {product} {ergonomic}
   size_t MarkStackSize                            = 4194304                                   {product} {ergonomic}
   size_t MaxHeapSize                              = 926941184                                 {product} {ergonomic}
   size_t MinHeapDeltaBytes                        = 1048576                                   {product} {ergonomic}
   size_t MinHeapSize                              = 8388608                                   {product} {ergonomic}
    uintx NonNMethodCodeHeapSize                   = 5832780                                {pd product} {ergonomic}
    uintx NonProfiledCodeHeapSize                  = 122912730                              {pd product} {ergonomic}
    uintx ProfiledCodeHeapSize                     = 122912730                              {pd product} {ergonomic}
    uintx ReservedCodeCacheSize                    = 251658240                              {pd product} {ergonomic}
     bool SegmentedCodeCache                       = true                                      {product} {ergonomic}
   size_t SoftMaxHeapSize                          = 926941184                              {manageable} {ergonomic}
     bool UseCompressedClassPointers               = true                           {product lp64_product} {ergonomic}
     bool UseCompressedOops                        = true                           {product lp64_product} {ergonomic}
     bool UseG1GC                                  = true                                      {product} {ergonomic}
     bool UseLargePagesIndividualAllocation        = false                                  {pd product} {ergonomic}

Logging:
Log output configuration:
 #0: stdout all=warning uptime,level,tags foldmultilines=false
 #1: stderr all=off uptime,level,tags foldmultilines=false

Environment Variables:
JAVA_HOME=C:\Users\user\AppData\Local\Programs\Eclipse Adoptium\jdk-17.0.4.101-hotspot\
PATH=C:\Program Files\Java\jdk-19\bin;C:\Program Files\Common Files\Oracle\Java\javapath;C:\WINDOWS\system32;C:\WINDOWS;C:\WINDOWS\System32\Wbem;C:\WINDOWS\System32\WindowsPowerShell\v1.0\;C:\WINDOWS\System32\OpenSSH\;C:\Program Files\Git\cmd;C:\Program Files\nodejs\;C:\Program Files\MySQL\MySQL Server 8.0\bin;C:\Program Files\MySQL\MySQL Shell 8.0\bin\;C:\Users\user\AppData\Local\Programs\Eclipse Adoptium\jdk-17.0.4.101-hotspot\bin;C:\Users\user\AppData\Local\Microsoft\WindowsApps;C:\Users\user\AppData\Local\Programs\Microsoft VS Code\bin;C:\Users\user\AppData\Local\Programs\Hyper\resources\bin;C:\Users\user\AppData\Roaming\npm;C:\Users\user\AppData\Local\Microsoft\WindowsApps;
USERNAME=user
OS=Windows_NT
PROCESSOR_IDENTIFIER=AMD64 Family 23 Model 24 Stepping 1, AuthenticAMD
TMP=C:\Users\user\AppData\Local\Temp
TEMP=C:\Users\user\AppData\Local\Temp



---------------  S Y S T E M  ---------------

OS:
 Windows 11 , 64 bit Build 22621 (10.0.22621.1485)
OS uptime: 10 days 22:04 hours

CPU: total 4 (initial active 4) (4 cores per cpu, 1 threads per core) family 23 model 24 stepping 1 microcode 0x0, cx8, cmov, fxsr, mmx, 3dnowpref, sse, sse2, sse3, ssse3, sse4a, sse4.1, sse4.2, popcnt, lzcnt, tsc, tscinvbit, avx, avx2, aes, clmul, bmi1, bmi2, adx, sha, fma, vzeroupper, clflush, clflushopt, rdtscp

Memory: 4k page, system-wide physical 3530M (277M free)
TotalPageFile size 14278M (AvailPageFile size 39M)
current process WorkingSet (physical memory assigned to process): 11M, peak: 11M
current process commit charge ("private bytes"): 51M, peak: 107M

vm_info: Java HotSpot(TM) 64-Bit Server VM (19.0.1+10-21) for windows-amd64 JRE (19.0.1+10-21), built on 2022-09-14T12:45:06Z by "mach5one" with MS VC++ 17.1 (VS2022)

END.
